2024-02-04 18:34:15,545 TRACE [main] (DAGExplorer.java:129) - 	+ BEST CONFIGURATION	BINARY(APPLYRULE(RPrime(){RPrime(fv_l_return500885941,fv_l_linestat500885941,v_FunctionCall(name=Token('CNAME', 'sum'), args=[[Token('CNAME', 'l_quant')]])500885941,v_FunctionCall(name=Token('CNAME', 'sum'), args=[[Token('CNAME', 'l_extp')]])500885941,v_FunctionCall(name=Token('CNAME', 'sum'), args=[[Operator(name='*', args=[Token('CNAME', 'l_extp'), Operator(name='-', args=['1', Token('CNAME', 'l_disc')])])]])500885941,v_FunctionCall(name=Token('CNAME', 'sum'), args=[[Operator(name='*', args=[Token('CNAME', 'l_extp'), Operator(name='*', args=[Operator(name='-', args=['1', Token('CNAME', 'l_disc')]), Operator(name='+', args=['1', Token('CNAME', 'l_tax')])])])]])500885941,v_FunctionCall(name=Token('CNAME', 'avg'), args=[[Token('CNAME', 'l_quant')]])500885941,v_FunctionCall(name=Token('CNAME', 'avg'), args=[[Token('CNAME', 'l_extp')]])500885941,v_FunctionCall(name=Token('CNAME', 'avg'), args=[[Token('CNAME', 'l_disc')]])500885941,v_FunctionCall(name=Token('CNAME', 'count'), args=[[Token('CNAME', 'x1')]])500885941)}),APPLYRULE(lineitem(){lineitem(fv_x1500885941,fv_x2500885941,fv_x3500885941,fv_x4500885941,fv_l_quant500885941,fv_l_extp500885941,fv_l_disc500885941,fv_l_tax500885941,fv_l_return500885941,fv_l_linestat500885941,fv_l_shipdate500885941,fv_x5500885941,fv_x6500885941,fv_x7500885941,fv_x8500885941,fv_x9500885941)}))	2.0
2024-02-04 18:45:54,735 TRACE [main] (DAGExplorer.java:129) - 	+ BEST CONFIGURATION	BINARY(APPLYRULE(RPrime(){RPrime(fv_l_return500885941,fv_l_linestat500885941,v_FunctionCall(name=Token('CNAME', 'sum'), args=[[Token('CNAME', 'l_quant')]])500885941,v_FunctionCall(name=Token('CNAME', 'sum'), args=[[Token('CNAME', 'l_extp')]])500885941,v_FunctionCall(name=Token('CNAME', 'sum'), args=[[Operator(name='*', args=[Token('CNAME', 'l_extp'), Operator(name='-', args=['1', Token('CNAME', 'l_disc')])])]])500885941,v_FunctionCall(name=Token('CNAME', 'sum'), args=[[Operator(name='*', args=[Token('CNAME', 'l_extp'), Operator(name='*', args=[Operator(name='-', args=['1', Token('CNAME', 'l_disc')]), Operator(name='+', args=['1', Token('CNAME', 'l_tax')])])])]])500885941,v_FunctionCall(name=Token('CNAME', 'avg'), args=[[Token('CNAME', 'l_quant')]])500885941,v_FunctionCall(name=Token('CNAME', 'avg'), args=[[Token('CNAME', 'l_extp')]])500885941,v_FunctionCall(name=Token('CNAME', 'avg'), args=[[Token('CNAME', 'l_disc')]])500885941,v_FunctionCall(name=Token('CNAME', 'count'), args=[[Token('CNAME', 'x1')]])500885941)}),APPLYRULE(lineitem(){lineitem(fv_x1500885941,fv_x2500885941,fv_x3500885941,fv_x4500885941,fv_l_quant500885941,fv_l_extp500885941,fv_l_disc500885941,fv_l_tax500885941,fv_l_return500885941,fv_l_linestat500885941,fv_l_shipdate500885941,fv_x5500885941,fv_x6500885941,fv_x7500885941,fv_x8500885941,fv_x9500885941)}))	2.0
2024-02-04 18:47:41,162 TRACE [main] (DAGExplorer.java:129) - 	+ BEST CONFIGURATION	BINARY(APPLYRULE(RPrime(){RPrime(fv_l_return500885941,fv_l_linestat500885941,v_FunctionCall(name=Token('CNAME', 'sum'), args=[[Token('CNAME', 'l_quant')]])500885941,v_FunctionCall(name=Token('CNAME', 'sum'), args=[[Token('CNAME', 'l_extp')]])500885941,v_FunctionCall(name=Token('CNAME', 'sum'), args=[[Operator(name='*', args=[Token('CNAME', 'l_extp'), Operator(name='-', args=['1', Token('CNAME', 'l_disc')])])]])500885941,v_FunctionCall(name=Token('CNAME', 'sum'), args=[[Operator(name='*', args=[Token('CNAME', 'l_extp'), Operator(name='*', args=[Operator(name='-', args=['1', Token('CNAME', 'l_disc')]), Operator(name='+', args=['1', Token('CNAME', 'l_tax')])])])]])500885941,v_FunctionCall(name=Token('CNAME', 'avg'), args=[[Token('CNAME', 'l_quant')]])500885941,v_FunctionCall(name=Token('CNAME', 'avg'), args=[[Token('CNAME', 'l_extp')]])500885941,v_FunctionCall(name=Token('CNAME', 'avg'), args=[[Token('CNAME', 'l_disc')]])500885941,v_FunctionCall(name=Token('CNAME', 'count'), args=[[Token('CNAME', 'x1')]])500885941)}),APPLYRULE(lineitem(){lineitem(fv_x1500885941,fv_x2500885941,fv_x3500885941,fv_x4500885941,fv_l_quant500885941,fv_l_extp500885941,fv_l_disc500885941,fv_l_tax500885941,fv_l_return500885941,fv_l_linestat500885941,fv_l_shipdate500885941,fv_x5500885941,fv_x6500885941,fv_x7500885941,fv_x8500885941,fv_x9500885941)}))	2.0
2024-02-04 18:49:44,303 ERROR [main] (Planner.java:182) - Planning aborted: Worker thread read error (probably timeout) at createBinaryConfigurations. 
uk.ac.ox.cs.pdq.planner.PlannerException: Worker thread read error (probably timeout) at createBinaryConfigurations. 
	at uk.ac.ox.cs.pdq.planner.dag.explorer.DAGOptimizedMultiThread$CreateBinaryConfigurationsTask.getReturnValue(DAGOptimizedMultiThread.java:292) ~[pdq-main-2.0.0-executable.jar:?]
	at uk.ac.ox.cs.pdq.planner.dag.explorer.DAGOptimizedMultiThread.performSingleExplorationStep(DAGOptimizedMultiThread.java:147) ~[pdq-main-2.0.0-executable.jar:?]
	at uk.ac.ox.cs.pdq.planner.Explorer.explore(Explorer.java:81) ~[pdq-main-2.0.0-executable.jar:?]
	at uk.ac.ox.cs.pdq.planner.ExplorationSetUp.search(ExplorationSetUp.java:188) ~[pdq-main-2.0.0-executable.jar:?]
	at uk.ac.ox.cs.pdq.planner.Planner.run(Planner.java:169) ~[pdq-main-2.0.0-executable.jar:?]
	at uk.ac.ox.cs.pdq.planner.Planner.<init>(Planner.java:135) ~[pdq-main-2.0.0-executable.jar:?]
	at uk.ac.ox.cs.pdq.planner.Planner.main(Planner.java:201) ~[pdq-main-2.0.0-executable.jar:?]
	at uk.ac.ox.cs.pdq.main.PdqMain.main(PdqMain.java:35) ~[pdq-main-2.0.0-executable.jar:?]
2024-02-04 18:51:47,572 ERROR [main] (Planner.java:182) - Planning aborted: Worker thread read error (probably timeout) at createBinaryConfigurations. 
uk.ac.ox.cs.pdq.planner.PlannerException: Worker thread read error (probably timeout) at createBinaryConfigurations. 
	at uk.ac.ox.cs.pdq.planner.dag.explorer.DAGOptimizedMultiThread$CreateBinaryConfigurationsTask.getReturnValue(DAGOptimizedMultiThread.java:292) ~[pdq-main-2.0.0-executable.jar:?]
	at uk.ac.ox.cs.pdq.planner.dag.explorer.DAGOptimizedMultiThread.performSingleExplorationStep(DAGOptimizedMultiThread.java:147) ~[pdq-main-2.0.0-executable.jar:?]
	at uk.ac.ox.cs.pdq.planner.Explorer.explore(Explorer.java:81) ~[pdq-main-2.0.0-executable.jar:?]
	at uk.ac.ox.cs.pdq.planner.ExplorationSetUp.search(ExplorationSetUp.java:188) ~[pdq-main-2.0.0-executable.jar:?]
	at uk.ac.ox.cs.pdq.planner.Planner.run(Planner.java:169) ~[pdq-main-2.0.0-executable.jar:?]
	at uk.ac.ox.cs.pdq.planner.Planner.<init>(Planner.java:135) ~[pdq-main-2.0.0-executable.jar:?]
	at uk.ac.ox.cs.pdq.planner.Planner.main(Planner.java:201) ~[pdq-main-2.0.0-executable.jar:?]
	at uk.ac.ox.cs.pdq.main.PdqMain.main(PdqMain.java:35) ~[pdq-main-2.0.0-executable.jar:?]
2024-02-04 18:57:14,674 ERROR [main] (Planner.java:182) - Planning aborted: Worker thread read error (probably timeout) at createBinaryConfigurations. 
uk.ac.ox.cs.pdq.planner.PlannerException: Worker thread read error (probably timeout) at createBinaryConfigurations. 
	at uk.ac.ox.cs.pdq.planner.dag.explorer.DAGOptimizedMultiThread$CreateBinaryConfigurationsTask.getReturnValue(DAGOptimizedMultiThread.java:292) ~[pdq-main-2.0.0-executable.jar:?]
	at uk.ac.ox.cs.pdq.planner.dag.explorer.DAGOptimizedMultiThread.performSingleExplorationStep(DAGOptimizedMultiThread.java:147) ~[pdq-main-2.0.0-executable.jar:?]
	at uk.ac.ox.cs.pdq.planner.Explorer.explore(Explorer.java:81) ~[pdq-main-2.0.0-executable.jar:?]
	at uk.ac.ox.cs.pdq.planner.ExplorationSetUp.search(ExplorationSetUp.java:188) ~[pdq-main-2.0.0-executable.jar:?]
	at uk.ac.ox.cs.pdq.planner.Planner.run(Planner.java:169) ~[pdq-main-2.0.0-executable.jar:?]
	at uk.ac.ox.cs.pdq.planner.Planner.<init>(Planner.java:135) ~[pdq-main-2.0.0-executable.jar:?]
	at uk.ac.ox.cs.pdq.planner.Planner.main(Planner.java:201) ~[pdq-main-2.0.0-executable.jar:?]
	at uk.ac.ox.cs.pdq.main.PdqMain.main(PdqMain.java:35) ~[pdq-main-2.0.0-executable.jar:?]
